{
  "0 debug pnpm:scope": {
    "selected": 1,
    "total": 1,
    "workspacePrefix": "/Users/jiangsongyang/Documents/study/jsy-react"
  },
  "1 debug pnpm:package-manifest": {
    "initial": {
      "name": "jsy-react",
      "version": "1.0.0",
      "description": "",
      "engines": {
        "node": "16.13.0",
        "pnpm": "7.1.7"
      },
      "scripts": {
        "preinstall": "npx only-allow pnpm",
        "prepare": "husky install",
        "<!-- lint -->": "",
        "lint:eslint": "npx eslint \"./packages\" --fix",
        "lint:prettier": "npx prettier \"./packages\" --write"
      },
      "husky": {
        "hooks": {
          "pre-commit": "pnpm precommit",
          "commit-msg": "node scripts/commit-msg.mjs"
        }
      },
      "lint-staged": {
        "./packages/**/*.{ts,tsx}": [
          "pnpm lint:eslint",
          "pnpm lint:prettier",
          "git add ."
        ]
      },
      "repository": {
        "type": "git",
        "url": "https://github.com/jiangsongyang/jsy-react.git"
      },
      "keywords": [],
      "author": "jiangsongyang",
      "license": "ISC",
      "devDependencies": {
        "@types/eslint": "^8.4.5",
        "@types/fs-extra": "^9.0.13",
        "@types/node": "^18.7.6",
        "@types/postcss-preset-env": "^7.7.0",
        "@types/react": "^18.0.17",
        "@types/react-color": "^3.0.6",
        "@types/react-dom": "^18.0.6",
        "@typescript-eslint/eslint-plugin": "^5.33.1",
        "@typescript-eslint/parser": "^5.33.1",
        "eslint": "^8.22.0",
        "eslint-config-prettier": "^8.5.0",
        "eslint-config-standard": "^17.0.0",
        "eslint-config-system-split": "^1.0.4",
        "eslint-plugin-import": "^2.26.0",
        "eslint-plugin-n": "^15.2.4",
        "eslint-plugin-promise": "^6.0.0",
        "eslint-plugin-react": "^7.30.1",
        "husky": "^8.0.1",
        "prettier": "^2.7.1",
        "typescript": "^4.7.4"
      },
      "dependencies": {}
    },
    "prefix": "/Users/jiangsongyang/Documents/study/jsy-react"
  },
  "2 debug pnpm:context": {
    "currentLockfileExists": false,
    "storeDir": "/Users/jiangsongyang/Library/pnpm/store/v3",
    "virtualStoreDir": "/Users/jiangsongyang/Documents/study/jsy-react/node_modules/.pnpm"
  },
  "3 debug pnpm:stage": {
    "prefix": "/Users/jiangsongyang/Documents/study/jsy-react",
    "stage": "resolution_started"
  },
  "4 debug pnpm:_dependency_resolved": {
    "resolution": "registry.npmjs.org/@types/postcss-preset-env/7.7.0",
    "wanted": {
      "dependentId": ".",
      "name": "@types/postcss-preset-env",
      "rawSpec": "^7.7.0"
    }
  },
  "5 debug pnpm:progress": {
    "packageId": "registry.npmjs.org/@types/postcss-preset-env/7.7.0",
    "requester": "/Users/jiangsongyang/Documents/study/jsy-react",
    "status": "resolved"
  },
  "6 debug pnpm:progress": {
    "packageId": "registry.npmjs.org/@types/postcss-preset-env/7.7.0",
    "requester": "/Users/jiangsongyang/Documents/study/jsy-react",
    "status": "found_in_store"
  },
  "7 error pnpm": {
    "code": "ERR_PNPM_FETCH_404",
    "hint": "eslint-config-system-split is not in the npm registry, or you have no permission to fetch it.\n\nNo authorization header was set for the request.",
    "request": {
      "url": "https://registry.npmjs.org/eslint-config-system-split"
    },
    "response": {
      "size": 0
    },
    "pkgName": "eslint-config-system-split",
    "spec": {
      "fetchSpec": ">=1.0.4 <2.0.0-0",
      "name": "eslint-config-system-split",
      "type": "range"
    },
    "pkgsStack": [],
    "err": {
      "name": "pnpm",
      "message": "GET https://registry.npmjs.org/eslint-config-system-split: Not Found - 404",
      "code": "ERR_PNPM_FETCH_404",
      "stack": "pnpm: GET https://registry.npmjs.org/eslint-config-system-split: Not Found - 404\n    at RetryOperation._fn (/Users/jiangsongyang/.nvm/versions/node/v16.13.0/lib/node_modules/pnpm/dist/pnpm.cjs:84475:19)\n    at processTicksAndRejections (node:internal/process/task_queues:96:5)"
    }
  }
}